#
# There is insufficient memory for the Java Runtime Environment to continue.
# Native memory allocation (malloc) failed to allocate 32744 bytes for ChunkPool::allocate
# Possible reasons:
#   The system is out of physical RAM or swap space
#   In 32 bit mode, the process size limit was hit
# Possible solutions:
#   Reduce memory load on the system
#   Increase physical memory or swap space
#   Check if swap backing store is full
#   Use 64 bit Java on a 64 bit OS
#   Decrease Java heap size (-Xmx/-Xms)
#   Decrease number of Java threads
#   Decrease Java thread stack sizes (-Xss)
#   Set larger code cache with -XX:ReservedCodeCacheSize=
# This output file may be truncated or incomplete.
#
#  Out of Memory Error (allocation.cpp:273), pid=10288, tid=5936
#
# JRE version: Java(TM) SE Runtime Environment (8.0_77-b03) (build 1.8.0_77-b03)
# Java VM: Java HotSpot(TM) 64-Bit Server VM (25.77-b03 mixed mode windows-amd64 compressed oops)
# Failed to write core dump. Minidumps are not enabled by default on client versions of Windows
#

---------------  T H R E A D  ---------------

Current thread (0x000000001bc2f000):  JavaThread "C2 CompilerThread0" daemon [_thread_in_native, id=5936, stack(0x000000001d270000,0x000000001d370000)]

Stack: [0x000000001d270000,0x000000001d370000]
[error occurred during error reporting (printing stack bounds), id 0xc0000005]

Native frames: (J=compiled Java code, j=interpreted, Vv=VM code, C=native code)


Current CompileTask:
C2:  66011 1555       4       Visualization.state.NibbledRingState::drawText (569 bytes)


---------------  P R O C E S S  ---------------

Java Threads: ( => current thread )
  0x000000002cf3e800 JavaThread "AWT-Shutdown" [_thread_blocked, id=5984, stack(0x0000000040180000,0x0000000040280000)]
  0x000000000251e000 JavaThread "DestroyJavaVM" [_thread_blocked, id=14692, stack(0x0000000002390000,0x0000000002490000)]
  0x000000001dcec000 JavaThread "Java2D Disposer" daemon [_thread_blocked, id=16660, stack(0x00000000272f0000,0x00000000273f0000)]
  0x000000001d58e000 JavaThread "Service Thread" daemon [_thread_blocked, id=10444, stack(0x000000001d970000,0x000000001da70000)]
  0x000000001bc38800 JavaThread "C1 CompilerThread2" daemon [_thread_blocked, id=16072, stack(0x000000001d470000,0x000000001d570000)]
  0x000000001bc31000 JavaThread "C2 CompilerThread1" daemon [_thread_in_native, id=12784, stack(0x000000001d370000,0x000000001d470000)]
=>0x000000001bc2f000 JavaThread "C2 CompilerThread0" daemon [_thread_in_native, id=5936, stack(0x000000001d270000,0x000000001d370000)]
  0x000000001bc2b800 JavaThread "Attach Listener" daemon [_thread_blocked, id=15316, stack(0x000000001d170000,0x000000001d270000)]
  0x000000001bc2a800 JavaThread "Signal Dispatcher" daemon [_thread_blocked, id=2684, stack(0x000000001d070000,0x000000001d170000)]
  0x000000001bc1a800 JavaThread "Finalizer" daemon [_thread_blocked, id=10116, stack(0x000000001ce80000,0x000000001cf80000)]
  0x000000000260f800 JavaThread "Reference Handler" daemon [_thread_blocked, id=8028, stack(0x000000001cd80000,0x000000001ce80000)]

Other Threads:
  0x000000001bbf8000 VMThread [stack: 0x000000001cc80000,0x000000001cd80000] [id=8544]
  0x000000001d5c4000 WatcherThread [stack: 0x000000001da70000,0x000000001db70000] [id=9132]

VM state:not at safepoint (normal execution)

VM Mutex/Monitor currently owned by a thread: None

Heap:
 PSYoungGen      total 141824K, used 138543K [0x000000076b180000, 0x0000000774680000, 0x00000007c0000000)
  eden space 131072K, 97% used [0x000000076b180000,0x0000000772e52e20,0x0000000773180000)
  from space 10752K, 99% used [0x0000000773c00000,0x0000000774679150,0x0000000774680000)
  to   space 10752K, 0% used [0x0000000773180000,0x0000000773180000,0x0000000773c00000)
 ParOldGen       total 175104K, used 2704K [0x00000006c1400000, 0x00000006cbf00000, 0x000000076b180000)
  object space 175104K, 1% used [0x00000006c1400000,0x00000006c16a4000,0x00000006cbf00000)
 Metaspace       used 13222K, capacity 13433K, committed 13824K, reserved 1062912K
  class space    used 1105K, capacity 1206K, committed 1280K, reserved 1048576K

Card table byte_map: [0x00000000119e0000,0x00000000121e0000] byte_map_base: 0x000000000e3d6000

Marking Bits: (ParMarkBitMap*) 0x0000000052f00600
 Begin Bits: [0x0000000012b30000, 0x0000000016ae0000)
 End Bits:   [0x0000000016ae0000, 0x000000001aa90000)

Polling page: 0x0000000000620000

CodeCache: size=245760Kb used=8727Kb max_used=8738Kb free=237032Kb
 bounds [0x0000000002620000, 0x0000000002eb0000, 0x0000000011620000]
 total_blobs=2607 nmethods=1547 adapters=973
 compilation: enabled

Compilation events (10 events):
Event: 64.026 Thread 0x000000001bc38800 nmethod 1550 0x0000000002e30950 code [0x0000000002e35f40, 0x0000000002e78fc8]
Event: 64.029 Thread 0x000000001bc38800 1551       3       org.lwjgl.system.MemoryUtil::memLengthUTF8 (107 bytes)
Event: 64.030 Thread 0x000000001bc38800 nmethod 1551 0x0000000002d71710 code [0x0000000002d718c0, 0x0000000002d71f18]
Event: 64.179 Thread 0x000000001bc38800 1552       3       org.lwjgl.system.MemoryUtil::encodeUTF8 (328 bytes)
Event: 64.180 Thread 0x000000001bc38800 nmethod 1552 0x0000000002d70790 code [0x0000000002d70980, 0x0000000002d713d8]
Event: 64.580 Thread 0x000000001bc38800 1553       3       Algorithm.NibbledRingSumProduct::getSubproblems (88 bytes)
Event: 64.581 Thread 0x000000001bc38800 nmethod 1553 0x0000000002e0d2d0 code [0x0000000002e0d5e0, 0x0000000002e0ef58]
Event: 64.963 Thread 0x000000001bc31000 1554       4       org.lwjgl.glfw.GLFW::glfwGetCurrentContext (9 bytes)
Event: 64.963 Thread 0x000000001bc31000 nmethod 1554 0x0000000002ca9290 code [0x0000000002ca93e0, 0x0000000002ca9448]
Event: 65.748 Thread 0x000000001bc2f000 1555       4       Visualization.state.NibbledRingState::drawText (569 bytes)

GC Heap History (8 events):
Event: 5.458 GC heap before
{Heap before GC invocations=1 (full 0):
 PSYoungGen      total 76288K, used 65536K [0x000000076b180000, 0x0000000770680000, 0x00000007c0000000)
  eden space 65536K, 100% used [0x000000076b180000,0x000000076f180000,0x000000076f180000)
  from space 10752K, 0% used [0x000000076fc00000,0x000000076fc00000,0x0000000770680000)
  to   space 10752K, 0% used [0x000000076f180000,0x000000076f180000,0x000000076fc00000)
 ParOldGen       total 175104K, used 0K [0x00000006c1400000, 0x00000006cbf00000, 0x000000076b180000)
  object space 175104K, 0% used [0x00000006c1400000,0x00000006c1400000,0x00000006cbf00000)
 Metaspace       used 13025K, capacity 13273K, committed 13568K, reserved 1060864K
  class space    used 1096K, capacity 1174K, committed 1280K, reserved 1048576K
Event: 5.464 GC heap after
Heap after GC invocations=1 (full 0):
 PSYoungGen      total 76288K, used 6603K [0x000000076b180000, 0x0000000770680000, 0x00000007c0000000)
  eden space 65536K, 0% used [0x000000076b180000,0x000000076b180000,0x000000076f180000)
  from space 10752K, 61% used [0x000000076f180000,0x000000076f7f2f10,0x000000076fc00000)
  to   space 10752K, 0% used [0x000000076fc00000,0x000000076fc00000,0x0000000770680000)
 ParOldGen       total 175104K, used 24K [0x00000006c1400000, 0x00000006cbf00000, 0x000000076b180000)
  object space 175104K, 0% used [0x00000006c1400000,0x00000006c1406000,0x00000006cbf00000)
 Metaspace       used 13025K, capacity 13273K, committed 13568K, reserved 1060864K
  class space    used 1096K, capacity 1174K, committed 1280K, reserved 1048576K
}
Event: 5.584 GC heap before
{Heap before GC invocations=2 (full 0):
 PSYoungGen      total 76288K, used 72139K [0x000000076b180000, 0x0000000770680000, 0x00000007c0000000)
  eden space 65536K, 100% used [0x000000076b180000,0x000000076f180000,0x000000076f180000)
  from space 10752K, 61% used [0x000000076f180000,0x000000076f7f2f10,0x000000076fc00000)
  to   space 10752K, 0% used [0x000000076fc00000,0x000000076fc00000,0x0000000770680000)
 ParOldGen       total 175104K, used 24K [0x00000006c1400000, 0x00000006cbf00000, 0x000000076b180000)
  object space 175104K, 0% used [0x00000006c1400000,0x00000006c1406000,0x00000006cbf00000)
 Metaspace       used 13040K, capacity 13273K, committed 13568K, reserved 1060864K
  class space    used 1096K, capacity 1174K, committed 1280K, reserved 1048576K
Event: 5.589 GC heap after
Heap after GC invocations=2 (full 0):
 PSYoungGen      total 76288K, used 6913K [0x000000076b180000, 0x0000000774680000, 0x00000007c0000000)
  eden space 65536K, 0% used [0x000000076b180000,0x000000076b180000,0x000000076f180000)
  from space 10752K, 64% used [0x000000076fc00000,0x00000007702c04c0,0x0000000770680000)
  to   space 10752K, 0% used [0x000000076f180000,0x000000076f180000,0x000000076fc00000)
 ParOldGen       total 175104K, used 32K [0x00000006c1400000, 0x00000006cbf00000, 0x000000076b180000)
  object space 175104K, 0% used [0x00000006c1400000,0x00000006c1408000,0x00000006cbf00000)
 Metaspace       used 13040K, capacity 13273K, committed 13568K, reserved 1060864K
  class space    used 1096K, capacity 1174K, committed 1280K, reserved 1048576K
}
Event: 5.738 GC heap before
{Heap before GC invocations=3 (full 0):
 PSYoungGen      total 76288K, used 72449K [0x000000076b180000, 0x0000000774680000, 0x00000007c0000000)
  eden space 65536K, 100% used [0x000000076b180000,0x000000076f180000,0x000000076f180000)
  from space 10752K, 64% used [0x000000076fc00000,0x00000007702c04c0,0x0000000770680000)
  to   space 10752K, 0% used [0x000000076f180000,0x000000076f180000,0x000000076fc00000)
 ParOldGen       total 175104K, used 32K [0x00000006c1400000, 0x00000006cbf00000, 0x000000076b180000)
  object space 175104K, 0% used [0x00000006c1400000,0x00000006c1408000,0x00000006cbf00000)
 Metaspace       used 13040K, capacity 13273K, committed 13568K, reserved 1060864K
  class space    used 1096K, capacity 1174K, committed 1280K, reserved 1048576K
Event: 5.751 GC heap after
Heap after GC invocations=3 (full 0):
 PSYoungGen      total 76288K, used 10516K [0x000000076b180000, 0x0000000774680000, 0x00000007c0000000)
  eden space 65536K, 0% used [0x000000076b180000,0x000000076b180000,0x000000076f180000)
  from space 10752K, 97% used [0x000000076f180000,0x000000076fbc5250,0x000000076fc00000)
  to   space 10752K, 0% used [0x0000000773c00000,0x0000000773c00000,0x0000000774680000)
 ParOldGen       total 175104K, used 32K [0x00000006c1400000, 0x00000006cbf00000, 0x000000076b180000)
  object space 175104K, 0% used [0x00000006c1400000,0x00000006c1408000,0x00000006cbf00000)
 Metaspace       used 13040K, capacity 13273K, committed 13568K, reserved 1060864K
  class space    used 1096K, capacity 1174K, committed 1280K, reserved 1048576K
}
Event: 11.636 GC heap before
{Heap before GC invocations=4 (full 0):
 PSYoungGen      total 76288K, used 76052K [0x000000076b180000, 0x0000000774680000, 0x00000007c0000000)
  eden space 65536K, 100% used [0x000000076b180000,0x000000076f180000,0x000000076f180000)
  from space 10752K, 97% used [0x000000076f180000,0x000000076fbc5250,0x000000076fc00000)
  to   space 10752K, 0% used [0x0000000773c00000,0x0000000773c00000,0x0000000774680000)
 ParOldGen       total 175104K, used 32K [0x00000006c1400000, 0x00000006cbf00000, 0x000000076b180000)
  object space 175104K, 0% used [0x00000006c1400000,0x00000006c1408000,0x00000006cbf00000)
 Metaspace       used 13113K, capacity 13337K, committed 13568K, reserved 1060864K
  class space    used 1097K, capacity 1174K, committed 1280K, reserved 1048576K
Event: 11.646 GC heap after
Heap after GC invocations=4 (full 0):
 PSYoungGen      total 141824K, used 10724K [0x000000076b180000, 0x0000000774680000, 0x00000007c0000000)
  eden space 131072K, 0% used [0x000000076b180000,0x000000076b180000,0x0000000773180000)
  from space 10752K, 99% used [0x0000000773c00000,0x0000000774679150,0x0000000774680000)
  to   space 10752K, 0% used [0x0000000773180000,0x0000000773180000,0x0000000773c00000)
 ParOldGen       total 175104K, used 2704K [0x00000006c1400000, 0x00000006cbf00000, 0x000000076b180000)
  object space 175104K, 1% used [0x00000006c1400000,0x00000006c16a4000,0x00000006cbf00000)
 Metaspace       used 13113K, capacity 13337K, committed 13568K, reserved 1060864K
  class space    used 1097K, capacity 1174K, committed 1280K, reserved 1048576K
}

Deoptimization events (10 events):
Event: 3.422 Thread 0x000000000251e000 Uncommon trap: reason=unstable_if action=reinterpret pc=0x00000000027e9a58 method=java.lang.String.startsWith(Ljava/lang/String;I)Z @ 25
Event: 5.456 Thread 0x000000000251e000 Uncommon trap: reason=unstable_if action=reinterpret pc=0x0000000002b074d0 method=DataTypes.NibbledRingData.getPoints()Ljava/util/ArrayList; @ 219
Event: 5.495 Thread 0x000000000251e000 Uncommon trap: reason=unstable_if action=reinterpret pc=0x0000000002b2f188 method=Algorithm.NibbledRingSolver.intersects(Ljava/util/ArrayList;LDataTypes/Point;LDataTypes/NibbledRingData;)Z @ 227
Event: 5.542 Thread 0x000000000251e000 Uncommon trap: reason=unstable_if action=reinterpret pc=0x0000000002b6f04c method=Algorithm.NibbledRingSolver.meetsConstraints(LDataTypes/NibbledRingData;Ljava/util/ArrayList;LDataTypes/ConstraintVector;)Z @ 181
Event: 5.802 Thread 0x000000000251e000 Uncommon trap: reason=unstable_if action=reinterpret pc=0x0000000002bdf928 method=Algorithm.NibbledRingSolver.meetsConstraints(LDataTypes/NibbledRingData;Ljava/util/ArrayList;LDataTypes/ConstraintVector;)Z @ 511
Event: 23.929 Thread 0x000000000251e000 Uncommon trap: reason=unstable_if action=reinterpret pc=0x0000000002d6acfc method=Visualization.Components.Button.renderToolTip(LVisualization/graphic/Renderer;FIIII)V @ 62
Event: 48.567 Thread 0x000000000251e000 Uncommon trap: reason=unstable_if action=reinterpret pc=0x0000000002d45a3c method=java.lang.StrictMath.floorOrCeil(DDDD)D @ 8
Event: 49.564 Thread 0x000000000251e000 Uncommon trap: reason=unstable_if action=reinterpret pc=0x0000000002d78c04 method=Visualization.state.NibbledRingState.render(F)V @ 5465
Event: 63.612 Thread 0x000000000251e000 Uncommon trap: reason=unstable_if action=reinterpret pc=0x0000000002e146a4 method=Visualization.state.NibbledRingState.render(F)V @ 245
Event: 63.614 Thread 0x000000000251e000 Uncommon trap: reason=unstable_if action=reinterpret pc=0x0000000002d652d8 method=Visualization.state.NibbledRingState.drawText(I)V @ 12

Internal exceptions (10 events):
Event: 0.290 Thread 0x000000000251e000 Exception <a 'sun/nio/fs/WindowsException'> (0x000000076b785588) thrown at [D:\re\workspace\8-2-build-windows-amd64-cygwin\jdk8u77\6540\hotspot\src\share\vm\prims\jni.cpp, line 709]
Event: 0.938 Thread 0x000000000251e000 Exception <a 'sun/nio/fs/WindowsException'> (0x000000076b7cd180) thrown at [D:\re\workspace\8-2-build-windows-amd64-cygwin\jdk8u77\6540\hotspot\src\share\vm\prims\jni.cpp, line 709]
Event: 0.938 Thread 0x000000000251e000 Exception <a 'sun/nio/fs/WindowsException'> (0x000000076b7cd938) thrown at [D:\re\workspace\8-2-build-windows-amd64-cygwin\jdk8u77\6540\hotspot\src\share\vm\prims\jni.cpp, line 709]
Event: 0.940 Thread 0x000000000251e000 Exception <a 'sun/nio/fs/WindowsException'> (0x000000076b7d2708) thrown at [D:\re\workspace\8-2-build-windows-amd64-cygwin\jdk8u77\6540\hotspot\src\share\vm\prims\jni.cpp, line 709]
Event: 0.940 Thread 0x000000000251e000 Exception <a 'sun/nio/fs/WindowsException'> (0x000000076b7d2d78) thrown at [D:\re\workspace\8-2-build-windows-amd64-cygwin\jdk8u77\6540\hotspot\src\share\vm\prims\jni.cpp, line 709]
Event: 1.453 Thread 0x000000000251e000 Exception <a 'java/io/FileNotFoundException'> (0x000000076c0903a0) thrown at [D:\re\workspace\8-2-build-windows-amd64-cygwin\jdk8u77\6540\hotspot\src\share\vm\prims\jni.cpp, line 709]
Event: 1.736 Thread 0x000000000251e000 Exception <a 'java/io/FileNotFoundException'> (0x000000076c15bb58) thrown at [D:\re\workspace\8-2-build-windows-amd64-cygwin\jdk8u77\6540\hotspot\src\share\vm\prims\jni.cpp, line 709]
Event: 2.142 Thread 0x000000000251e000 Exception <a 'sun/nio/fs/WindowsException'> (0x000000076c6b7160) thrown at [D:\re\workspace\8-2-build-windows-amd64-cygwin\jdk8u77\6540\hotspot\src\share\vm\prims\jni.cpp, line 709]
Event: 2.142 Thread 0x000000000251e000 Exception <a 'sun/nio/fs/WindowsException'> (0x000000076c6b78e0) thrown at [D:\re\workspace\8-2-build-windows-amd64-cygwin\jdk8u77\6540\hotspot\src\share\vm\prims\jni.cpp, line 709]
Event: 3.396 Thread 0x000000000251e000 Exception <a 'java/io/FileNotFoundException'> (0x000000076caaade0) thrown at [D:\re\workspace\8-2-build-windows-amd64-cygwin\jdk8u77\6540\hotspot\src\share\vm\prims\jni.cpp, line 709]

Events (10 events):
Event: 64.999 Thread 0x000000000251e000 DEOPT UNPACKING pc=0x000000000266787f sp=0x000000000248e1a8 mode 0
Event: 65.400 Thread 0x000000000251e000 DEOPT PACKING pc=0x0000000002e2bba3 sp=0x000000000248e300
Event: 65.400 Thread 0x000000000251e000 DEOPT UNPACKING pc=0x000000000266787f sp=0x000000000248e1a8 mode 0
Event: 65.748 Thread 0x000000000251e000 DEOPT PACKING pc=0x0000000002e2bba3 sp=0x000000000248e300
Event: 65.748 Thread 0x000000000251e000 DEOPT UNPACKING pc=0x000000000266787f sp=0x000000000248e1a8 mode 0
Event: 65.764 loading class java/lang/Throwable$WrappedPrintStream
Event: 65.764 loading class java/lang/Throwable$PrintStreamOrWriter
Event: 65.764 loading class java/lang/Throwable$PrintStreamOrWriter done
Event: 65.764 loading class java/lang/Throwable$WrappedPrintStream done
Event: 65.764 loading class java/util/IdentityHashMap$KeySet


Dynamic libraries:
0x00007ff6b4780000 - 0x00007ff6b47b7000 	C:\Program Files\Java\OLD\jdk1.8.0_77\bin\java.exe
0x00007ffc31a60000 - 0x00007ffc31c41000 	C:\WINDOWS\SYSTEM32\ntdll.dll
0x00007ffc2fc50000 - 0x00007ffc2fd01000 	C:\WINDOWS\System32\KERNEL32.DLL
0x00007ffc2de20000 - 0x00007ffc2e093000 	C:\WINDOWS\System32\KERNELBASE.dll
0x00007ffc2f900000 - 0x00007ffc2f9a1000 	C:\WINDOWS\System32\ADVAPI32.dll
0x00007ffc2ef80000 - 0x00007ffc2f01e000 	C:\WINDOWS\System32\msvcrt.dll
0x00007ffc31930000 - 0x00007ffc3198b000 	C:\WINDOWS\System32\sechost.dll
0x00007ffc2ff50000 - 0x00007ffc30074000 	C:\WINDOWS\System32\RPCRT4.dll
0x00007ffc2f9b0000 - 0x00007ffc2fb40000 	C:\WINDOWS\System32\USER32.dll
0x00007ffc2e5c0000 - 0x00007ffc2e5e0000 	C:\WINDOWS\System32\win32u.dll
0x00007ffc2eef0000 - 0x00007ffc2ef18000 	C:\WINDOWS\System32\GDI32.dll
0x00007ffc2ed00000 - 0x00007ffc2ee92000 	C:\WINDOWS\System32\gdi32full.dll
0x00007ffc2e180000 - 0x00007ffc2e21f000 	C:\WINDOWS\System32\msvcp_win.dll
0x00007ffc2e2d0000 - 0x00007ffc2e3c8000 	C:\WINDOWS\System32\ucrtbase.dll
0x00007ffc22e00000 - 0x00007ffc23069000 	C:\WINDOWS\WinSxS\amd64_microsoft.windows.common-controls_6595b64144ccf1df_6.0.17134.1550_none_d40142657c8ef2c1\COMCTL32.dll
0x00007ffc31530000 - 0x00007ffc31850000 	C:\WINDOWS\System32\combase.dll
0x00007ffc2e0a0000 - 0x00007ffc2e119000 	C:\WINDOWS\System32\bcryptPrimitives.dll
0x00007ffc2fbc0000 - 0x00007ffc2fbed000 	C:\WINDOWS\System32\IMM32.DLL
0x0000000053e50000 - 0x0000000053f22000 	C:\Program Files\Java\OLD\jdk1.8.0_77\jre\bin\msvcr100.dll
0x00000000526f0000 - 0x0000000052f80000 	C:\Program Files\Java\OLD\jdk1.8.0_77\jre\bin\server\jvm.dll
0x00007ffc2fb40000 - 0x00007ffc2fb48000 	C:\WINDOWS\System32\PSAPI.DLL
0x00007ffc26320000 - 0x00007ffc26329000 	C:\WINDOWS\SYSTEM32\WSOCK32.dll
0x00007ffc286b0000 - 0x00007ffc286ba000 	C:\WINDOWS\SYSTEM32\VERSION.dll
0x00007ffc2bbd0000 - 0x00007ffc2bbf3000 	C:\WINDOWS\SYSTEM32\WINMM.dll
0x00007ffc2fb50000 - 0x00007ffc2fbbc000 	C:\WINDOWS\System32\WS2_32.dll
0x00007ffc2bb70000 - 0x00007ffc2bb9a000 	C:\WINDOWS\SYSTEM32\WINMMBASE.dll
0x00007ffc2eea0000 - 0x00007ffc2eee9000 	C:\WINDOWS\System32\cfgmgr32.dll
0x00000000540e0000 - 0x00000000540ef000 	C:\Program Files\Java\OLD\jdk1.8.0_77\jre\bin\verify.dll
0x0000000053e20000 - 0x0000000053e49000 	C:\Program Files\Java\OLD\jdk1.8.0_77\jre\bin\java.dll
0x00000000540c0000 - 0x00000000540d6000 	C:\Program Files\Java\OLD\jdk1.8.0_77\jre\bin\zip.dll
0x00007ffc30080000 - 0x00007ffc314c5000 	C:\WINDOWS\System32\SHELL32.dll
0x00007ffc2fd10000 - 0x00007ffc2fdb9000 	C:\WINDOWS\System32\shcore.dll
0x00007ffc2e5e0000 - 0x00007ffc2ecf1000 	C:\WINDOWS\System32\windows.storage.dll
0x00007ffc2ef20000 - 0x00007ffc2ef71000 	C:\WINDOWS\System32\shlwapi.dll
0x00007ffc2dd90000 - 0x00007ffc2dda1000 	C:\WINDOWS\System32\kernel.appcore.dll
0x00007ffc2de00000 - 0x00007ffc2de1f000 	C:\WINDOWS\System32\profapi.dll
0x00007ffc2ddb0000 - 0x00007ffc2ddfc000 	C:\WINDOWS\System32\powrprof.dll
0x00007ffc2dd80000 - 0x00007ffc2dd8a000 	C:\WINDOWS\System32\FLTLIB.DLL
0x0000000053e00000 - 0x0000000053e1a000 	C:\Program Files\Java\OLD\jdk1.8.0_77\jre\bin\net.dll
0x00007ffc2d5e0000 - 0x00007ffc2d646000 	C:\WINDOWS\system32\mswsock.dll
0x0000000053de0000 - 0x0000000053df1000 	C:\Program Files\Java\OLD\jdk1.8.0_77\jre\bin\nio.dll
0x00007ffc10870000 - 0x00007ffc108d4000 	C:\Users\Jelle Schukken\AppData\Local\Temp\lwjglJelle Schukken\3.2.3-SNAPSHOT\lwjgl.dll
0x00007ffbf5e50000 - 0x00007ffbf60a3000 	C:\Users\JELLES~1\AppData\Local\Temp\lwjglJelle Schukken\3.2.3-SNAPSHOT\jemalloc.dll
0x00007ffc0c540000 - 0x00007ffc0c5a2000 	C:\Users\JELLES~1\AppData\Local\Temp\lwjglJelle Schukken\3.2.3-SNAPSHOT\glfw.dll
0x00007ffc2be80000 - 0x00007ffc2bf18000 	C:\WINDOWS\system32\uxtheme.dll
0x00007ffc0c1e0000 - 0x00007ffc0c223000 	C:\WINDOWS\SYSTEM32\dinput8.dll
0x00007ffc28c80000 - 0x00007ffc28c90000 	C:\WINDOWS\SYSTEM32\xinput1_4.dll
0x00007ffc2db70000 - 0x00007ffc2db97000 	C:\WINDOWS\SYSTEM32\DEVOBJ.dll
0x00007ffc2c0c0000 - 0x00007ffc2c0e9000 	C:\WINDOWS\SYSTEM32\dwmapi.dll
0x00007ffc235d0000 - 0x00007ffc23649000 	C:\WINDOWS\SYSTEM32\inputhost.dll
0x00007ffc2b9a0000 - 0x00007ffc2ba7a000 	C:\WINDOWS\SYSTEM32\CoreMessaging.dll
0x00007ffc293a0000 - 0x00007ffc294ed000 	C:\WINDOWS\SYSTEM32\wintypes.dll
0x00007ffc28ca0000 - 0x00007ffc28fbe000 	C:\WINDOWS\SYSTEM32\CoreUIComponents.dll
0x00007ffc2ce20000 - 0x00007ffc2ce51000 	C:\WINDOWS\SYSTEM32\ntmarta.dll
0x00007ffc2f780000 - 0x00007ffc2f8f4000 	C:\WINDOWS\System32\MSCTF.dll
0x00007ffc31860000 - 0x00007ffc31922000 	C:\WINDOWS\System32\OLEAUT32.dll
0x00007ffc2ca60000 - 0x00007ffc2ca6c000 	C:\WINDOWS\SYSTEM32\HID.DLL
0x00007ffc2f330000 - 0x00007ffc2f77b000 	C:\WINDOWS\System32\SETUPAPI.DLL
0x00007ffc2e120000 - 0x00007ffc2e177000 	C:\WINDOWS\System32\WINTRUST.dll
0x00007ffc2dd60000 - 0x00007ffc2dd72000 	C:\WINDOWS\System32\MSASN1.dll
0x00007ffc2e3d0000 - 0x00007ffc2e5b2000 	C:\WINDOWS\System32\CRYPT32.dll
0x00007ffbf1790000 - 0x00007ffbf18b0000 	C:\WINDOWS\SYSTEM32\opengl32.dll
0x00007ffc10830000 - 0x00007ffc1085c000 	C:\WINDOWS\SYSTEM32\GLU32.dll
0x00007ffbcfb30000 - 0x00007ffbd2254000 	C:\WINDOWS\System32\DriverStore\FileRepository\nv_dispi.inf_amd64_9952681a7bb1dfac\nvoglv64.dll
0x00007ffc2f020000 - 0x00007ffc2f171000 	C:\WINDOWS\System32\ole32.dll
0x00007ffc2a630000 - 0x00007ffc2a643000 	C:\WINDOWS\SYSTEM32\WTSAPI32.dll
0x00007ffbfe960000 - 0x00007ffbfec17000 	C:\WINDOWS\system32\nvspcap64.dll
0x00007ffc2cff0000 - 0x00007ffc2d046000 	C:\WINDOWS\SYSTEM32\WINSTA.dll
0x00007ffc0a8e0000 - 0x00007ffc0a939000 	C:\Users\Jelle Schukken\AppData\Local\Temp\lwjglJelle Schukken\3.2.3-SNAPSHOT\lwjgl_opengl.dll
0x00007ffc24360000 - 0x00007ffc243f6000 	C:\WINDOWS\System32\TextInputFramework.dll
0x0000000053c40000 - 0x0000000053dd8000 	C:\Program Files\Java\OLD\jdk1.8.0_77\jre\bin\awt.dll
0x00007ffc2bcc0000 - 0x00007ffc2bd4b000 	C:\WINDOWS\SYSTEM32\apphelp.dll
0x00007ffc2d7a0000 - 0x00007ffc2d7b7000 	C:\WINDOWS\SYSTEM32\CRYPTSP.dll
0x00007ffc2d190000 - 0x00007ffc2d1c3000 	C:\WINDOWS\system32\rsaenh.dll
0x00007ffc2d8c0000 - 0x00007ffc2d8e5000 	C:\WINDOWS\SYSTEM32\bcrypt.dll
0x00007ffc2dc90000 - 0x00007ffc2dcb8000 	C:\WINDOWS\SYSTEM32\USERENV.dll
0x00007ffc2d790000 - 0x00007ffc2d79b000 	C:\WINDOWS\SYSTEM32\CRYPTBASE.dll
0x00007ffc2d330000 - 0x00007ffc2d368000 	C:\WINDOWS\SYSTEM32\IPHLPAPI.DLL
0x00007ffc31850000 - 0x00007ffc31858000 	C:\WINDOWS\System32\NSI.dll
0x00007ffc27ac0000 - 0x00007ffc27ad6000 	C:\WINDOWS\SYSTEM32\dhcpcsvc6.DLL
0x00007ffc27aa0000 - 0x00007ffc27aba000 	C:\WINDOWS\SYSTEM32\dhcpcsvc.DLL
0x0000000053bf0000 - 0x0000000053c37000 	C:\Program Files\Java\OLD\jdk1.8.0_77\jre\bin\fontmanager.dll
0x00007ffc27f60000 - 0x00007ffc27f8e000 	C:\WINDOWS\SYSTEM32\cryptnet.dll
0x00007ffc2fe40000 - 0x00007ffc2fe5d000 	C:\WINDOWS\System32\imagehlp.dll
0x00007ffc2ca70000 - 0x00007ffc2ca92000 	C:\WINDOWS\SYSTEM32\gpapi.dll
0x0000000053ba0000 - 0x0000000053be2000 	C:\Program Files\Java\OLD\jdk1.8.0_77\jre\bin\t2k.dll
0x0000000052640000 - 0x00000000526e2000 	C:\Program Files\Java\OLD\jdk1.8.0_77\jre\bin\mlib_image.dll
0x00007ffc0a860000 - 0x00007ffc0a8d7000 	C:\Users\Jelle Schukken\AppData\Local\Temp\lwjglJelle Schukken\3.2.3-SNAPSHOT\lwjgl_stb.dll

VM Arguments:
jvm_args: -Dfile.encoding=windows-1252 
java_command: D:\UU\Year2\Thesis\Phase2\CactusApplication\out\artifacts\CactusApplication_jar\CactusApplication.jar
java_class_path (initial): D:\UU\Year2\Thesis\Phase2\CactusApplication\out\artifacts\CactusApplication_jar\CactusApplication.jar
Launcher Type: SUN_STANDARD

Environment Variables:
JAVA_HOME=C:\Program Files\Java\OLD\jdk1.8.0_77
PATH=C:\Program Files (x86)\Common Files\Oracle\Java\javapath;C:\ProgramData\Oracle\Java\javapath;C:\Windows\system32;C:\Windows;C:\Windows\System32\Wbem;C:\Windows\System32\WindowsPowerShell\v1.0\;C:\Program Files (x86)\GtkSharp\2.12\bin;C:\WINDOWS\system32;C:\WINDOWS;C:\WINDOWS\System32\Wbem;C:\WINDOWS\System32\WindowsPowerShell\v1.0\;C:\Program Files (x86)\NVIDIA Corporation\PhysX\Common;C:\MinGW\bin;C:\MinGW\msys\1.0\bin;D:\MiKTeX\miktex\bin\x64\;C:\Program Files\Git LFS;C:\Gradle\gradle-4.7\bin;;C:\WINDOWS\System32\OpenSSH\;C:\Program Files\CMake\bin;C:\Program Files\NVIDIA Corporation\NVIDIA NvDLISR;C:\Users\Jelle Schukken\AppData\Local\Programs\Python\Python37-32\Scripts\;C:\Users\Jelle Schukken\AppData\Local\Programs\Python\Python37-32\;C:\Users\Jelle Schukken\AppData\Local\Microsoft\WindowsApps;;D:\Mercurial
USERNAME=Jelle Schukken
OS=Windows_NT
PROCESSOR_IDENTIFIER=Intel64 Family 6 Model 94 Stepping 3, GenuineIntel



---------------  S Y S T E M  ---------------

OS: Windows 10.0 , 64 bit Build 17134 (10.0.17134.1425)

CPU:total 4 (4 cores per cpu, 1 threads per core) family 6 model 94 stepping 3, cmov, cx8, fxsr, mmx, sse, sse2, sse3, ssse3, sse4.1, sse4.2, popcnt, avx, avx2, aes, clmul, erms, rtm, 3dnowpref, lzcnt, tsc, tscinvbit, bmi1, bmi2, adx

Memory: 4k page, physical 16690032k(587304k free), swap 47142252k(11252k free)

vm_info: Java HotSpot(TM) 64-Bit Server VM (25.77-b03) for windows-amd64 JRE (1.8.0_77-b03), built on Mar 20 2016 22:01:33 by "java_re" with MS VC++ 10.0 (VS2010)

time: Wed Jun 24 17:56:03 2020
elapsed time: 66 seconds (0d 0h 1m 6s)

